wre-1.0.0/trunk/WhiteRabbitEventApp/app/build/outputs/logs/manifest-merger-debug-report.txt
-- Merging decision tree log ---
manifest
ADDED from src\main\AndroidManifest.xml:2:1-45:12
	package
		ADDED from src\main\AndroidManifest.xml:3:5-46
		INJECTED from src\main\AndroidManifest.xml
		INJECTED from src\main\AndroidManifest.xml
	android:versionName
		INJECTED from src\main\AndroidManifest.xml
		INJECTED from src\main\AndroidManifest.xml
	xmlns:android
		ADDED from src\main\AndroidManifest.xml:2:11-69
	android:versionCode
		INJECTED from src\main\AndroidManifest.xml
		INJECTED from src\main\AndroidManifest.xml
application
ADDED from src\main\AndroidManifest.xml:5:5-43:19
MERGED from [com.android.support:appcompat-v7:23.3.0] AndroidManifest.xml:25:5-20
MERGED from [com.android.support:support-vector-drawable:23.3.0] AndroidManifest.xml:7:5-20
MERGED from [com.android.support:support-v4:23.3.0] AndroidManifest.xml:22:5-20
MERGED from [com.android.support:animated-vector-drawable:23.3.0] AndroidManifest.xml:7:5-20
MERGED from [com.android.support:support-vector-drawable:23.3.0] AndroidManifest.xml:7:5-20
MERGED from [com.android.support:support-v4:23.3.0] AndroidManifest.xml:22:5-20
MERGED from [com.android.support:support-v4:23.3.0] AndroidManifest.xml:22:5-20
MERGED from [com.android.support:support-v4:23.3.0] AndroidManifest.xml:22:5-20
MERGED from [com.android.support:appcompat-v7:23.3.0] AndroidManifest.xml:25:5-20
MERGED from [com.android.support:support-vector-drawable:23.3.0] AndroidManifest.xml:7:5-20
MERGED from [com.android.support:support-v4:23.3.0] AndroidManifest.xml:22:5-20
MERGED from [com.android.support:animated-vector-drawable:23.3.0] AndroidManifest.xml:7:5-20
MERGED from [com.android.support:support-vector-drawable:23.3.0] AndroidManifest.xml:7:5-20
MERGED from [com.android.support:support-v4:23.3.0] AndroidManifest.xml:22:5-20
MERGED from [com.android.support:support-v4:23.3.0] AndroidManifest.xml:22:5-20
MERGED from [com.android.support:palette-v7:23.3.0] AndroidManifest.xml:22:5-23:19
MERGED from [com.android.support:support-v4:23.3.0] AndroidManifest.xml:22:5-20
MERGED from [de.hdodenhof:circleimageview:2.0.0] AndroidManifest.xml:9:5-20
	android:label
		ADDED from src\main\AndroidManifest.xml:8:9-41
	android:supportsRtl
		ADDED from src\main\AndroidManifest.xml:9:9-35
	android:allowBackup
		ADDED from src\main\AndroidManifest.xml:6:9-35
	android:icon
		ADDED from src\main\AndroidManifest.xml:7:9-43
	android:theme
		ADDED from src\main\AndroidManifest.xml:11:9-40
activity#com.wre.yin.whiterabbiteventapp.LoginActivity
ADDED from src\main\AndroidManifest.xml:12:9-20:20
	android:windowSoftInputMode
		ADDED from src\main\AndroidManifest.xml:14:13-55
	android:name
		ADDED from src\main\AndroidManifest.xml:13:13-73
intent-filter#android.intent.action.MAIN+android.intent.category.LAUNCHER
ADDED from src\main\AndroidManifest.xml:15:13-19:29
action#android.intent.action.MAIN
ADDED from src\main\AndroidManifest.xml:16:17-69
	android:name
		ADDED from src\main\AndroidManifest.xml:16:25-66
category#android.intent.category.LAUNCHER
ADDED from src\main\AndroidManifest.xml:18:17-77
	android:name
		ADDED from src\main\AndroidManifest.xml:18:27-74
activity#com.wre.yin.whiterabbiteventapp.EventDashboardActivity
ADDED from src\main\AndroidManifest.xml:21:9-91
	android:name
		ADDED from src\main\AndroidManifest.xml:21:19-88
activity#com.wre.yin.whiterabbiteventapp.HomeActivity
ADDED from src\main\AndroidManifest.xml:22:9-81
	android:name
		ADDED from src\main\AndroidManifest.xml:22:19-78
activity#com.wre.yin.whiterabbiteventapp.EventsHomeActivity
ADDED from src\main\AndroidManifest.xml:23:9-87
	android:name
		ADDED from src\main\AndroidManifest.xml:23:19-84
activity#com.wre.yin.whiterabbiteventapp.DetailsActivity
ADDED from src\main\AndroidManifest.xml:24:9-84
	android:name
		ADDED from src\main\AndroidManifest.xml:24:19-81
activity#com.wre.yin.whiterabbiteventapp.AgendaActivity
ADDED from src\main\AndroidManifest.xml:25:9-83
	android:name
		ADDED from src\main\AndroidManifest.xml:25:19-80
activity#com.wre.yin.whiterabbiteventapp.NewsFeedActivity
ADDED from src\main\AndroidManifest.xml:26:9-85
	android:name
		ADDED from src\main\AndroidManifest.xml:26:19-82
activity#com.wre.yin.whiterabbiteventapp.GalleryActivity
ADDED from src\main\AndroidManifest.xml:27:9-84
	android:name
		ADDED from src\main\AndroidManifest.xml:27:19-81
activity#com.wre.yin.whiterabbiteventapp.CrowdPicsActivity
ADDED from src\main\AndroidManifest.xml:28:9-86
	android:name
		ADDED from src\main\AndroidManifest.xml:28:19-83
activity#com.wre.yin.whiterabbiteventapp.VideosActivity
ADDED from src\main\AndroidManifest.xml:29:9-83
	android:name
		ADDED from src\main\AndroidManifest.xml:29:19-80
activity#com.wre.yin.whiterabbiteventapp.DocShareActivity
ADDED from src\main\AndroidManifest.xml:30:9-85
	android:name
		ADDED from src\main\AndroidManifest.xml:30:19-82
activity#com.wre.yin.whiterabbiteventapp.QAActivity
ADDED from src\main\AndroidManifest.xml:31:9-79
	android:name
		ADDED from src\main\AndroidManifest.xml:31:19-76
activity#com.wre.yin.whiterabbiteventapp.MessageActivity
ADDED from src\main\AndroidManifest.xml:32:9-84
	android:name
		ADDED from src\main\AndroidManifest.xml:32:19-81
activity#com.wre.yin.whiterabbiteventapp.SurveyActivity
ADDED from src\main\AndroidManifest.xml:33:9-83
	android:name
		ADDED from src\main\AndroidManifest.xml:33:19-80
activity#com.wre.yin.whiterabbiteventapp.QRCodeActivity
ADDED from src\main\AndroidManifest.xml:34:9-83
	android:name
		ADDED from src\main\AndroidManifest.xml:34:19-80
activity#com.wre.yin.whiterabbiteventapp.SocialMediaActivity
ADDED from src\main\AndroidManifest.xml:35:9-88
	android:name
		ADDED from src\main\AndroidManifest.xml:35:19-85
activity#com.wre.yin.whiterabbiteventapp.NetworkingActivity
ADDED from src\main\AndroidManifest.xml:36:9-87
	android:name
		ADDED from src\main\AndroidManifest.xml:36:19-84
activity#com.wre.yin.whiterabbiteventapp.VenueActivity
ADDED from src\main\AndroidManifest.xml:37:9-82
	android:name
		ADDED from src\main\AndroidManifest.xml:37:19-79
activity#com.wre.yin.whiterabbiteventapp.SponcersActivity
ADDED from src\main\AndroidManifest.xml:38:9-85
	android:name
		ADDED from src\main\AndroidManifest.xml:38:19-82
activity#com.wre.yin.whiterabbiteventapp.SpeakerProfileActivity
ADDED from src\main\AndroidManifest.xml:39:9-91
	android:name
		ADDED from src\main\AndroidManifest.xml:39:19-88
activity#com.wre.yin.whiterabbiteventapp.ProfDetailsActivity
ADDED from src\main\AndroidManifest.xml:40:9-88
	android:name
		ADDED from src\main\AndroidManifest.xml:40:19-85
activity#com.wre.yin.whiterabbiteventapp.SplashScreenActivity
ADDED from src\main\AndroidManifest.xml:41:9-89
	android:name
		ADDED from src\main\AndroidManifest.xml:41:19-86
activity#com.wre.yin.whiterabbiteventapp.OTPActivity
ADDED from src\main\AndroidManifest.xml:42:9-80
	android:name
		ADDED from src\main\AndroidManifest.xml:42:19-77
uses-sdk
INJECTED from src\main\AndroidManifest.xml reason: use-sdk injection requested
MERGED from [WhiteRabbitEventApp:library1:unspecified] AndroidManifest.xml:7:5-9:41
MERGED from [com.android.support:appcompat-v7:23.3.0] AndroidManifest.xml:21:5-23:78
MERGED from [com.android.support:support-vector-drawable:23.3.0] AndroidManifest.xml:5:5-43
MERGED from [com.android.support:support-v4:23.3.0] AndroidManifest.xml:20:5-43
MERGED from [com.android.support:animated-vector-drawable:23.3.0] AndroidManifest.xml:5:5-44
MERGED from [com.android.support:support-vector-drawable:23.3.0] AndroidManifest.xml:5:5-43
MERGED from [com.android.support:support-v4:23.3.0] AndroidManifest.xml:20:5-43
MERGED from [com.android.support:support-v4:23.3.0] AndroidManifest.xml:20:5-43
MERGED from [com.android.support:support-v4:23.3.0] AndroidManifest.xml:20:5-43
MERGED from [com.android.support:appcompat-v7:23.3.0] AndroidManifest.xml:21:5-23:78
MERGED from [com.android.support:support-vector-drawable:23.3.0] AndroidManifest.xml:5:5-43
MERGED from [com.android.support:support-v4:23.3.0] AndroidManifest.xml:20:5-43
MERGED from [com.android.support:animated-vector-drawable:23.3.0] AndroidManifest.xml:5:5-44
MERGED from [com.android.support:support-vector-drawable:23.3.0] AndroidManifest.xml:5:5-43
MERGED from [com.android.support:support-v4:23.3.0] AndroidManifest.xml:20:5-43
MERGED from [com.android.support:support-v4:23.3.0] AndroidManifest.xml:20:5-43
MERGED from [com.android.support:palette-v7:23.3.0] AndroidManifest.xml:20:5-43
MERGED from [com.android.support:support-v4:23.3.0] AndroidManifest.xml:20:5-43
MERGED from [de.hdodenhof:circleimageview:2.0.0] AndroidManifest.xml:5:5-7:41
	tools:overrideLibrary
		ADDED from [com.android.support:appcompat-v7:23.3.0] AndroidManifest.xml:23:9-75
	android:targetSdkVersion
		INJECTED from src\main\AndroidManifest.xml
		INJECTED from src\main\AndroidManifest.xml
	android:minSdkVersion
		INJECTED from src\main\AndroidManifest.xml
		INJECTED from src\main\AndroidManifest.xml
uses-permission#android.permission.INTERNET
ADDED from [WhiteRabbitEventApp:library1:unspecified] AndroidManifest.xml:11:5-67
	android:name
		ADDED from [WhiteRabbitEventApp:library1:unspecified] AndroidManifest.xml:11:22-64
uses-permission#android.permission.WRITE_EXTERNAL_STORAGE
ADDED from [WhiteRabbitEventApp:library1:unspecified] AndroidManifest.xml:12:5-81
	android:name
		ADDED from [WhiteRabbitEventApp:library1:unspecified] AndroidManifest.xml:12:22-78